<?xml version="1.0" encoding="UTF-8"?>
<testng-results ignored="0" total="10" passed="10" failed="0" skipped="0">
  <reporter-output>
  </reporter-output>
  <suite started-at="2022-08-16T09:49:11 IST" name="Command line suite" finished-at="2022-08-16T09:49:29 IST" duration-ms="17740">
    <groups>
      <group name="cucumber">
        <method signature="AbstractTestNGCucumberTests.runScenario(io.cucumber.testng.PickleWrapper,io.cucumber.testng.FeatureWrapper)[pri:0, instance:runner.TestRunner@4148db48]" name="runScenario" class="io.cucumber.testng.AbstractTestNGCucumberTests"/>
      </group> <!-- cucumber -->
    </groups>
    <test started-at="2022-08-16T09:49:11 IST" name="Command line test" finished-at="2022-08-16T09:49:29 IST" duration-ms="17740">
      <class name="runner.TestRunner">
        <test-method is-config="true" signature="setUpClass()[pri:0, instance:runner.TestRunner@4148db48]" started-at="2022-08-16T09:49:14 IST" name="setUpClass" finished-at="2022-08-16T09:49:16 IST" duration-ms="1232" status="PASS">
          <reporter-output>
          </reporter-output>
        </test-method> <!-- setUpClass -->
        <test-method signature="runScenario(io.cucumber.testng.PickleWrapper,io.cucumber.testng.FeatureWrapper)[pri:0, instance:runner.TestRunner@4148db48]" started-at="2022-08-16T09:49:16 IST" name="runScenario" description="Runs Cucumber Scenarios" data-provider="scenarios" finished-at="2022-08-16T09:49:21 IST" duration-ms="4964" status="PASS">
          <params>
            <param index="0">
              <value>
                <![CDATA["Verify that a student resource can be updated"]]>
              </value>
            </param>
            <param index="1">
              <value>
                <![CDATA["Optional[Student Feature]"]]>
              </value>
            </param>
          </params>
          <reporter-output>
          </reporter-output>
        </test-method> <!-- runScenario -->
        <test-method signature="runScenario(io.cucumber.testng.PickleWrapper,io.cucumber.testng.FeatureWrapper)[pri:0, instance:runner.TestRunner@4148db48]" started-at="2022-08-16T09:49:21 IST" name="runScenario" description="Runs Cucumber Scenarios" data-provider="scenarios" finished-at="2022-08-16T09:49:23 IST" duration-ms="2206" status="PASS">
          <params>
            <param index="0">
              <value>
                <![CDATA["Verify that a student is not able to create with no name"]]>
              </value>
            </param>
            <param index="1">
              <value>
                <![CDATA["Optional[Student Feature]"]]>
              </value>
            </param>
          </params>
          <reporter-output>
          </reporter-output>
        </test-method> <!-- runScenario -->
        <test-method signature="runScenario(io.cucumber.testng.PickleWrapper,io.cucumber.testng.FeatureWrapper)[pri:0, instance:runner.TestRunner@4148db48]" started-at="2022-08-16T09:49:23 IST" name="runScenario" description="Runs Cucumber Scenarios" data-provider="scenarios" finished-at="2022-08-16T09:49:23 IST" duration-ms="259" status="PASS">
          <params>
            <param index="0">
              <value>
                <![CDATA["Verify that a student is not able to create with no age"]]>
              </value>
            </param>
            <param index="1">
              <value>
                <![CDATA["Optional[Student Feature]"]]>
              </value>
            </param>
          </params>
          <reporter-output>
          </reporter-output>
        </test-method> <!-- runScenario -->
        <test-method signature="runScenario(io.cucumber.testng.PickleWrapper,io.cucumber.testng.FeatureWrapper)[pri:0, instance:runner.TestRunner@4148db48]" started-at="2022-08-16T09:49:23 IST" name="runScenario" description="Runs Cucumber Scenarios" data-provider="scenarios" finished-at="2022-08-16T09:49:23 IST" duration-ms="251" status="PASS">
          <params>
            <param index="0">
              <value>
                <![CDATA["Verify that a student is not able to create with no email"]]>
              </value>
            </param>
            <param index="1">
              <value>
                <![CDATA["Optional[Student Feature]"]]>
              </value>
            </param>
          </params>
          <reporter-output>
          </reporter-output>
        </test-method> <!-- runScenario -->
        <test-method signature="runScenario(io.cucumber.testng.PickleWrapper,io.cucumber.testng.FeatureWrapper)[pri:0, instance:runner.TestRunner@4148db48]" started-at="2022-08-16T09:49:23 IST" name="runScenario" description="Runs Cucumber Scenarios" data-provider="scenarios" finished-at="2022-08-16T09:49:24 IST" duration-ms="297" status="PASS">
          <params>
            <param index="0">
              <value>
                <![CDATA["Verify that a student is not able to create with  no id"]]>
              </value>
            </param>
            <param index="1">
              <value>
                <![CDATA["Optional[Student Feature]"]]>
              </value>
            </param>
          </params>
          <reporter-output>
          </reporter-output>
        </test-method> <!-- runScenario -->
        <test-method signature="runScenario(io.cucumber.testng.PickleWrapper,io.cucumber.testng.FeatureWrapper)[pri:0, instance:runner.TestRunner@4148db48]" started-at="2022-08-16T09:49:24 IST" name="runScenario" description="Runs Cucumber Scenarios" data-provider="scenarios" finished-at="2022-08-16T09:49:24 IST" duration-ms="743" status="PASS">
          <params>
            <param index="0">
              <value>
                <![CDATA["Verify that a student resource can be updated"]]>
              </value>
            </param>
            <param index="1">
              <value>
                <![CDATA["Optional[Student Feature]"]]>
              </value>
            </param>
          </params>
          <reporter-output>
          </reporter-output>
        </test-method> <!-- runScenario -->
        <test-method signature="runScenario(io.cucumber.testng.PickleWrapper,io.cucumber.testng.FeatureWrapper)[pri:0, instance:runner.TestRunner@4148db48]" started-at="2022-08-16T09:49:24 IST" name="runScenario" description="Runs Cucumber Scenarios" data-provider="scenarios" finished-at="2022-08-16T09:49:25 IST" duration-ms="531" status="PASS">
          <params>
            <param index="0">
              <value>
                <![CDATA["Verify that a student resource getting the details"]]>
              </value>
            </param>
            <param index="1">
              <value>
                <![CDATA["Optional[Student Feature]"]]>
              </value>
            </param>
          </params>
          <reporter-output>
          </reporter-output>
        </test-method> <!-- runScenario -->
        <test-method signature="runScenario(io.cucumber.testng.PickleWrapper,io.cucumber.testng.FeatureWrapper)[pri:0, instance:runner.TestRunner@4148db48]" started-at="2022-08-16T09:49:25 IST" name="runScenario" description="Runs Cucumber Scenarios" data-provider="scenarios" finished-at="2022-08-16T09:49:25 IST" duration-ms="370" status="PASS">
          <params>
            <param index="0">
              <value>
                <![CDATA["Verify that a student resource is deleted"]]>
              </value>
            </param>
            <param index="1">
              <value>
                <![CDATA["Optional[Student Feature]"]]>
              </value>
            </param>
          </params>
          <reporter-output>
          </reporter-output>
        </test-method> <!-- runScenario -->
        <test-method signature="runScenario(io.cucumber.testng.PickleWrapper,io.cucumber.testng.FeatureWrapper)[pri:0, instance:runner.TestRunner@4148db48]" started-at="2022-08-16T09:49:25 IST" name="runScenario" description="Runs Cucumber Scenarios" data-provider="scenarios" finished-at="2022-08-16T09:49:26 IST" duration-ms="329" status="PASS">
          <params>
            <param index="0">
              <value>
                <![CDATA["Verify that path param is required"]]>
              </value>
            </param>
            <param index="1">
              <value>
                <![CDATA["Optional[Student Feature]"]]>
              </value>
            </param>
          </params>
          <reporter-output>
          </reporter-output>
        </test-method> <!-- runScenario -->
        <test-method signature="runScenario(io.cucumber.testng.PickleWrapper,io.cucumber.testng.FeatureWrapper)[pri:0, instance:runner.TestRunner@4148db48]" started-at="2022-08-16T09:49:26 IST" name="runScenario" description="Runs Cucumber Scenarios" data-provider="scenarios" finished-at="2022-08-16T09:49:26 IST" duration-ms="342" status="PASS">
          <params>
            <param index="0">
              <value>
                <![CDATA["Verify that path param is required in deletion"]]>
              </value>
            </param>
            <param index="1">
              <value>
                <![CDATA["Optional[Student Feature]"]]>
              </value>
            </param>
          </params>
          <reporter-output>
          </reporter-output>
        </test-method> <!-- runScenario -->
        <test-method is-config="true" signature="tearDownClass()[pri:0, instance:runner.TestRunner@4148db48]" started-at="2022-08-16T09:49:26 IST" name="tearDownClass" finished-at="2022-08-16T09:49:29 IST" duration-ms="3147" status="PASS">
          <reporter-output>
          </reporter-output>
        </test-method> <!-- tearDownClass -->
      </class> <!-- runner.TestRunner -->
    </test> <!-- Command line test -->
  </suite> <!-- Command line suite -->
</testng-results>
